<?xml version="1.0" encoding="UTF-8"?>
<!-- Generated by org.testng.reporters.JUnitReportReporter -->
<testsuite hostname="DESKTOP-29C3PR5" failures="0" tests="1" name="TestScript.RegistrationTest" time="3.475" errors="0" timestamp="2024-02-09T16:39:13 IST" skipped="0">
  <testcase classname="TestScript.RegistrationTest" name="testCase" time="3.475"/>
  <system-out/>
</testsuite> <!-- TestScript.RegistrationTest -->
