<?xml version="1.0" encoding="UTF-8"?>
<!-- Generated by org.testng.reporters.JUnitReportReporter -->
<testsuite hostname="DESKTOP-29C3PR5" failures="0" tests="2" name="TestScript.Sample_1Test" time="0.027" errors="0" timestamp="2024-02-09T16:03:37 IST" skipped="0">
  <testcase classname="TestScript.Sample_1Test" name="testCase" time="0.019"/>
  <system-out>
    <![CDATA[sampletest1 executed
neha0001@gmail,com
neha0001]]>
  </system-out>
  <testcase classname="TestScript.Sample_1Test" name="testCase" time="0.008"/>
  <system-out>
    <![CDATA[sampletest1 executed
neha500@gmail.com
neha0001]]>
  </system-out>
</testsuite> <!-- TestScript.Sample_1Test -->
