<?xml version="1.0" encoding="UTF-8"?>
<!-- Generated by org.testng.reporters.JUnitReportReporter -->
<testsuite hostname="DESKTOP-29C3PR5" failures="0" tests="1" name="TestScript.Sample4Test" time="64.222" errors="0" timestamp="2024-02-12T15:25:32 IST" skipped="0">
  <testcase classname="TestScript.Sample4Test" name="testCase" time="64.222"/>
  <system-out/>
</testsuite> <!-- TestScript.Sample4Test -->
