<?xml version="1.0" encoding="UTF-8"?>
<!-- Generated by org.testng.reporters.JUnitReportReporter -->
<testsuite hostname="DESKTOP-29C3PR5" failures="0" tests="1" name="TestScript.SampleTest1" time="0.015" errors="0" timestamp="2024-02-09T12:10:34 IST" skipped="0">
  <testcase classname="TestScript.SampleTest1" name="testCase" time="0.015"/>
  <system-out>
    <![CDATA[sampletest1 executed]]>
  </system-out>
</testsuite> <!-- TestScript.SampleTest1 -->
