<?xml version="1.0" encoding="UTF-8"?>
<!-- Generated by org.testng.reporters.JUnitReportReporter -->
<testsuite hostname="DESKTOP-29C3PR5" failures="0" tests="1" name="TestScript.Sample_2_Test" time="0.081" errors="0" timestamp="2024-02-12T11:30:42 IST" skipped="0">
  <testcase classname="TestScript.Sample_2_Test" name="testCase" time="0.081"/>
  <system-out>
    <![CDATA[sample executed]]>
  </system-out>
</testsuite> <!-- TestScript.Sample_2_Test -->
