<?xml version="1.0" encoding="UTF-8"?>
<!-- Generated by org.testng.reporters.JUnitReportReporter -->
<testsuite hostname="DESKTOP-29C3PR5" failures="0" tests="1" name="TestScript.LoginTest" time="26.621" errors="0" timestamp="2024-02-09T16:58:37 IST" skipped="0">
  <testcase classname="TestScript.LoginTest" name="testCase01" time="26.621"/>
  <system-out>
    <![CDATA[logged in successfull]]>
  </system-out>
</testsuite> <!-- TestScript.LoginTest -->
